<?xml version="1.0" encoding="utf-8"?><testsuites name="pytest tests"><testsuite name="pytest" errors="0" failures="0" skipped="0" tests="11" time="2.982" timestamp="2026-08-24T06:02:30.449237+00:00" hostname="agent-env-54f7a782-d773-429f-a84a-02725e9fc518"><testcase classname="tests.backend_test.TestUploads" name="test_upload_single_and_serve" time="1.428" /><testcase classname="tests.backend_test.TestAuth" name="test_login_wrong_password" time="0.498" /><testcase classname="tests.backend_test.TestAuth" name="test_login_success" time="0.359" /><testcase classname="tests.backend_test.TestAuth" name="test_auth_me_with_token" time="0.184" /><testcase classname="tests.backend_test.TestAuth" name="test_auth_me_without_token" time="0.131" /><testcase classname="tests.backend_test.TestAuth" name="test_estimates_list_requires_auth" time="0.143" /><testcase classname="tests.backend_test.TestAuth" name="test_estimates_list_with_token" time="0.104" /><testcase classname="tests.backend_test.TestEstimates" name="test_estimate_with_photos_persists" time="0.931" /><testcase classname="tests.backend_test.TestUploads" name="test_upload_multiple" time="0.468" /><testcase classname="tests.backend_test.TestUploads" name="test_serve_missing_returns_404" time="0.128" /><testcase classname="tests.backend_test.TestEstimates" name="test_estimate_invalid_email" time="0.104" /></testsuite></testsuites>